16:32:05.183 [Worker-67] INFO  o.a.AndroidAnnotationProcessor:85 - Initialize AndroidAnnotations 3.0.1 with options {phase=BUILD}
16:32:05.185 [Worker-67] INFO  o.a.AndroidAnnotationProcessor:109 - Start processing for 3 annotations on 7 elements
16:32:05.194 [Worker-67] DEBUG o.a.h.AndroidManifestFinder:137 - AndroidManifest.xml file found in parent folder C:\Users\Chan\workspace\BudgetApp: C:\Users\Chan\workspace\BudgetApp\AndroidManifest.xml
16:32:05.197 [Worker-67] INFO  o.a.AndroidAnnotationProcessor:172 - AndroidManifest.xml found: AndroidManifest [applicationPackage=com.chanideals.budgetapp, componentQualifiedNames=[com.chanideals.budgetapp.MapActivity_], permissionQualifiedNames=[android.permission.INTERNET, android.permission.ACCESS_NETWORK_STATE, android.permission.WRITE_EXTERNAL_STORAGE, android.permission.ACCESS_COARSE_LOCATION, android.permission.ACCESS_FINE_LOCATION], applicationClassName=null, libraryProject=false, debugabble=false, minSdkVersion=11, maxSdkVersion=-1, targetSdkVersion=18]
16:32:05.198 [Worker-67] INFO  o.a.r.ProjectRClassFinder:50 - Found project R class: com.chanideals.budgetapp.R
16:32:05.200 [Worker-67] INFO  o.a.r.AndroidRClassFinder:44 - Found Android class: android.R
16:32:05.204 [Worker-67] INFO  o.a.p.ModelValidator:42 - Validating elements
16:32:05.206 [Worker-67] DEBUG o.a.p.ModelValidator:62 - Validating with EActivityHandler: [com.chanideals.budgetapp.MapActivity, com.chanideals.budgetapp.MainActivity]
16:32:05.207 [Worker-67] WARN  o.a.h.AnnotationHelper:110 - The component MainActivity_ is not registered in the AndroidManifest.xml file.
16:32:05.207 [Worker-67] DEBUG o.a.p.ModelValidator:62 - Validating with ViewByIdHandler: [myText]
16:32:05.208 [Worker-67] DEBUG o.a.p.ModelValidator:62 - Validating with ClickHandler: [void myButton() ]
16:32:05.210 [Worker-67] INFO  o.a.p.ModelProcessor:73 - Processing root elements
16:32:05.211 [Worker-67] DEBUG o.a.p.ModelProcessor:80 - Processing root elements EActivityHandler: [com.chanideals.budgetapp.MapActivity, com.chanideals.budgetapp.MainActivity]
16:32:05.213 [Worker-67] INFO  o.a.p.ModelProcessor:104 - Processing enclosed elements
16:32:05.215 [Worker-67] INFO  o.a.AndroidAnnotationProcessor:251 - Number of files generated by AndroidAnnotations: 2
16:32:05.216 [Worker-67] INFO  o.a.g.ApiCodeGenerator:52 - Writting following API classes in project: []
16:32:05.217 [Worker-67] DEBUG o.a.g.SourceCodewriter:55 - Generating class: com.chanideals.budgetapp.MainActivity_
16:32:05.224 [Worker-67] DEBUG o.a.g.SourceCodewriter:55 - Generating class: com.chanideals.budgetapp.MapActivity_
16:32:05.229 [Worker-67] INFO  o.a.p.TimeStats:81 - Time measurements: [Whole Processing = 44 ms], [Generate Sources = 14 ms], [Extract Annotations = 8 ms], [Find R Classes = 6 ms], [Validate Annotations = 6 ms], [Process Annotations = 5 ms], [Extract Manifest = 3 ms], 
16:32:05.230 [Worker-67] INFO  o.a.AndroidAnnotationProcessor:123 - Finish processing
16:32:07.818 [Worker-67] INFO  o.a.AndroidAnnotationProcessor:85 - Initialize AndroidAnnotations 3.0.1 with options {phase=BUILD}
16:35:01.420 [Worker-66] INFO  o.a.AndroidAnnotationProcessor:85 - Initialize AndroidAnnotations 3.0.1 with options {phase=BUILD}
21:26:29.220 [Worker-0] INFO  o.a.AndroidAnnotationProcessor:85 - Initialize AndroidAnnotations 3.0.1 with options {phase=BUILD}
21:26:29.373 [Worker-0] INFO  o.a.AndroidAnnotationProcessor:109 - Start processing for 3 annotations on 7 elements
21:26:29.499 [Worker-0] DEBUG o.a.h.AndroidManifestFinder:137 - AndroidManifest.xml file found in parent folder C:\Users\Chan\workspace\BudgetApp: C:\Users\Chan\workspace\BudgetApp\AndroidManifest.xml
21:26:29.508 [Worker-0] INFO  o.a.AndroidAnnotationProcessor:172 - AndroidManifest.xml found: AndroidManifest [applicationPackage=com.chanideals.budgetapp, componentQualifiedNames=[com.chanideals.budgetapp.MapActivity_], permissionQualifiedNames=[android.permission.INTERNET, android.permission.ACCESS_NETWORK_STATE, android.permission.WRITE_EXTERNAL_STORAGE, android.permission.ACCESS_COARSE_LOCATION, android.permission.ACCESS_FINE_LOCATION, android.permission.ACCESS_WIFI_STATE], applicationClassName=null, libraryProject=false, debugabble=false, minSdkVersion=11, maxSdkVersion=-1, targetSdkVersion=18]
21:26:29.511 [Worker-0] INFO  o.a.r.ProjectRClassFinder:50 - Found project R class: com.chanideals.budgetapp.R
21:26:29.579 [Worker-0] INFO  o.a.r.AndroidRClassFinder:44 - Found Android class: android.R
21:26:29.711 [Worker-0] INFO  o.a.p.ModelValidator:42 - Validating elements
21:26:29.713 [Worker-0] DEBUG o.a.p.ModelValidator:62 - Validating with EActivityHandler: [com.chanideals.budgetapp.MapActivity, com.chanideals.budgetapp.MainActivity]
21:26:29.719 [Worker-0] WARN  o.a.h.AnnotationHelper:110 - The component MainActivity_ is not registered in the AndroidManifest.xml file.
21:26:29.719 [Worker-0] DEBUG o.a.p.ModelValidator:62 - Validating with ViewByIdHandler: [myText]
21:26:29.724 [Worker-0] DEBUG o.a.p.ModelValidator:62 - Validating with ClickHandler: [void myButton() ]
21:26:29.748 [Worker-0] INFO  o.a.p.ModelProcessor:73 - Processing root elements
21:26:29.750 [Worker-0] DEBUG o.a.p.ModelProcessor:80 - Processing root elements EActivityHandler: [com.chanideals.budgetapp.MapActivity, com.chanideals.budgetapp.MainActivity]
21:26:29.799 [Worker-0] INFO  o.a.p.ModelProcessor:104 - Processing enclosed elements
21:26:29.803 [Worker-0] INFO  o.a.AndroidAnnotationProcessor:251 - Number of files generated by AndroidAnnotations: 2
21:26:29.807 [Worker-0] INFO  o.a.g.ApiCodeGenerator:52 - Writting following API classes in project: []
21:26:29.849 [Worker-0] DEBUG o.a.g.SourceCodewriter:55 - Generating class: com.chanideals.budgetapp.MainActivity_
21:26:30.193 [Worker-0] DEBUG o.a.g.SourceCodewriter:55 - Generating class: com.chanideals.budgetapp.MapActivity_
21:26:30.204 [Worker-0] INFO  o.a.p.TimeStats:81 - Time measurements: [Whole Processing = 832 ms], [Generate Sources = 401 ms], [Find R Classes = 146 ms], [Extract Annotations = 121 ms], [Process Annotations = 74 ms], [Validate Annotations = 18 ms], [Extract Manifest = 12 ms], 
21:26:30.206 [Worker-0] INFO  o.a.AndroidAnnotationProcessor:123 - Finish processing
