16:50:20.190 [Worker-24] INFO  o.a.AndroidAnnotationProcessor:85 - Initialize AndroidAnnotations 3.0.1 with options {phase=BUILD}
16:50:20.195 [Worker-24] INFO  o.a.AndroidAnnotationProcessor:109 - Start processing for 8 annotations on 27 elements
16:50:20.211 [Worker-24] DEBUG o.a.h.AndroidManifestFinder:137 - AndroidManifest.xml file found in parent folder C:\Users\chandima.ranaweera\workspace\PathApp: C:\Users\chandima.ranaweera\workspace\PathApp\AndroidManifest.xml
16:50:20.216 [Worker-24] INFO  o.a.AndroidAnnotationProcessor:172 - AndroidManifest.xml found: AndroidManifest [applicationPackage=com.iepl.pathapp, componentQualifiedNames=[com.iepl.pathapp.SplashActivity_, com.iepl.pathapp.DrawerActivity_, com.iepl.pathapp.SlideUpActivity_, com.iepl.pathapp.MainActivity, com.iepl.pathapp.MapActivity_, com.iepl.pathapp.DualFragmentActivity_, com.iepl.pathapp.ActivityChooserActivity_], permissionQualifiedNames=[android.permission.INTERNET, android.permission.ACCESS_NETWORK_STATE, android.permission.WRITE_EXTERNAL_STORAGE, android.permission.ACCESS_COARSE_LOCATION, android.permission.ACCESS_FINE_LOCATION, android.permission.ACCESS_WIFI_STATE], applicationClassName=null, libraryProject=false, debugabble=false, minSdkVersion=11, maxSdkVersion=-1, targetSdkVersion=19]
16:50:20.220 [Worker-24] INFO  o.a.r.ProjectRClassFinder:50 - Found project R class: com.iepl.pathapp.R
16:50:20.224 [Worker-24] INFO  o.a.r.AndroidRClassFinder:44 - Found Android class: android.R
16:50:20.233 [Worker-24] INFO  o.a.p.ModelValidator:42 - Validating elements
16:50:20.236 [Worker-24] DEBUG o.a.p.ModelValidator:62 - Validating with EActivityHandler: [com.iepl.pathapp.SlideUpActivity, com.iepl.pathapp.ActivityChooserActivity, com.iepl.pathapp.MapActivity, com.iepl.pathapp.DualFragmentActivity, com.iepl.pathapp.DrawerActivity, com.iepl.pathapp.SplashActivity]
16:50:20.241 [Worker-24] DEBUG o.a.p.ModelValidator:62 - Validating with EFragmentHandler: [com.iepl.pathapp.fragment.SlideHeaderFragment]
16:50:20.246 [Worker-24] DEBUG o.a.p.ModelValidator:62 - Validating with EBeanHandler: [com.iepl.pathapp.event.BusProvider]
16:50:20.250 [Worker-24] DEBUG o.a.p.ModelValidator:62 - Validating with ViewByIdHandler: [list, mDrawer, navList]
16:50:20.255 [Worker-24] DEBUG o.a.p.ModelValidator:62 - Validating with ClickHandler: [void rClose_btn() , public void frag_btn_1() , public void frag_btn_2() , void bClose_btn() ]
16:50:20.260 [Worker-24] DEBUG o.a.p.ModelValidator:62 - Validating with ItemClickHandler: [void mDrawerListItemClicked(int) ]
16:50:20.264 [Worker-24] DEBUG o.a.p.ModelValidator:62 - Validating with BeanHandler: [bus, bus, bus]
16:50:20.268 [Worker-24] DEBUG o.a.p.ModelValidator:62 - Validating with SubscribeHandler: [public void onLocationChanged(com.iepl.pathapp.event.LocationChangeEvent) ]
16:50:20.272 [Worker-24] INFO  o.a.p.ModelProcessor:73 - Processing root elements
16:50:20.275 [Worker-24] DEBUG o.a.p.ModelProcessor:80 - Processing root elements EActivityHandler: [com.iepl.pathapp.SlideUpActivity, com.iepl.pathapp.ActivityChooserActivity, com.iepl.pathapp.MapActivity, com.iepl.pathapp.DualFragmentActivity, com.iepl.pathapp.DrawerActivity, com.iepl.pathapp.SplashActivity]
16:50:20.284 [Worker-24] DEBUG o.a.p.ModelProcessor:80 - Processing root elements EFragmentHandler: [com.iepl.pathapp.fragment.SlideHeaderFragment]
16:50:20.287 [Worker-24] DEBUG o.a.p.ModelProcessor:80 - Processing root elements EBeanHandler: [com.iepl.pathapp.event.BusProvider]
16:50:20.292 [Worker-24] INFO  o.a.p.ModelProcessor:104 - Processing enclosed elements
16:50:20.297 [Worker-24] INFO  o.a.AndroidAnnotationProcessor:251 - Number of files generated by AndroidAnnotations: 8
16:50:20.299 [Worker-24] INFO  o.a.g.ApiCodeGenerator:52 - Writting following API classes in project: []
16:50:20.304 [Worker-24] DEBUG o.a.g.SourceCodewriter:55 - Generating class: com.iepl.pathapp.ActivityChooserActivity_
16:50:20.313 [Worker-24] DEBUG o.a.g.SourceCodewriter:55 - Generating class: com.iepl.pathapp.DrawerActivity_
16:50:20.319 [Worker-24] DEBUG o.a.g.SourceCodewriter:55 - Generating class: com.iepl.pathapp.DualFragmentActivity_
16:50:20.326 [Worker-24] DEBUG o.a.g.SourceCodewriter:55 - Generating class: com.iepl.pathapp.MapActivity_
16:50:20.336 [Worker-24] DEBUG o.a.g.SourceCodewriter:55 - Generating class: com.iepl.pathapp.SlideUpActivity_
16:50:20.342 [Worker-24] DEBUG o.a.g.SourceCodewriter:55 - Generating class: com.iepl.pathapp.SplashActivity_
16:50:20.349 [Worker-24] DEBUG o.a.g.SourceCodewriter:55 - Generating class: com.iepl.pathapp.fragment.SlideHeaderFragment_
16:50:20.356 [Worker-24] DEBUG o.a.g.SourceCodewriter:55 - Generating class: com.iepl.pathapp.event.BusProvider_
16:50:20.363 [Worker-24] INFO  o.a.p.TimeStats:81 - Time measurements: [Whole Processing = 169 ms], [Generate Sources = 66 ms], [Validate Annotations = 38 ms], [Process Annotations = 26 ms], [Find R Classes = 13 ms], [Extract Annotations = 12 ms], [Extract Manifest = 5 ms], 
16:50:20.366 [Worker-24] INFO  o.a.AndroidAnnotationProcessor:123 - Finish processing
16:50:23.872 [Worker-23] INFO  o.a.AndroidAnnotationProcessor:85 - Initialize AndroidAnnotations 3.0.1 with options {phase=BUILD}
16:50:23.877 [Worker-23] INFO  o.a.AndroidAnnotationProcessor:109 - Start processing for 8 annotations on 27 elements
16:50:23.899 [Worker-23] DEBUG o.a.h.AndroidManifestFinder:137 - AndroidManifest.xml file found in parent folder C:\Users\chandima.ranaweera\workspace\PathApp: C:\Users\chandima.ranaweera\workspace\PathApp\AndroidManifest.xml
16:50:23.905 [Worker-23] INFO  o.a.AndroidAnnotationProcessor:172 - AndroidManifest.xml found: AndroidManifest [applicationPackage=com.iepl.pathapp, componentQualifiedNames=[com.iepl.pathapp.SplashActivity_, com.iepl.pathapp.DrawerActivity_, com.iepl.pathapp.SlideUpActivity_, com.iepl.pathapp.MainActivity, com.iepl.pathapp.MapActivity_, com.iepl.pathapp.DualFragmentActivity_, com.iepl.pathapp.ActivityChooserActivity_], permissionQualifiedNames=[android.permission.INTERNET, android.permission.ACCESS_NETWORK_STATE, android.permission.WRITE_EXTERNAL_STORAGE, android.permission.ACCESS_COARSE_LOCATION, android.permission.ACCESS_FINE_LOCATION, android.permission.ACCESS_WIFI_STATE], applicationClassName=null, libraryProject=false, debugabble=false, minSdkVersion=11, maxSdkVersion=-1, targetSdkVersion=19]
16:50:23.909 [Worker-23] INFO  o.a.r.ProjectRClassFinder:50 - Found project R class: com.iepl.pathapp.R
16:50:23.915 [Worker-23] INFO  o.a.r.AndroidRClassFinder:44 - Found Android class: android.R
16:50:23.924 [Worker-23] INFO  o.a.p.ModelValidator:42 - Validating elements
16:50:23.929 [Worker-23] DEBUG o.a.p.ModelValidator:62 - Validating with EActivityHandler: [com.iepl.pathapp.SlideUpActivity, com.iepl.pathapp.ActivityChooserActivity, com.iepl.pathapp.MapActivity, com.iepl.pathapp.DualFragmentActivity, com.iepl.pathapp.DrawerActivity, com.iepl.pathapp.SplashActivity]
16:50:23.933 [Worker-23] DEBUG o.a.p.ModelValidator:62 - Validating with EFragmentHandler: [com.iepl.pathapp.fragment.SlideHeaderFragment]
16:50:23.939 [Worker-23] DEBUG o.a.p.ModelValidator:62 - Validating with EBeanHandler: [com.iepl.pathapp.event.BusProvider]
16:50:23.943 [Worker-23] DEBUG o.a.p.ModelValidator:62 - Validating with ViewByIdHandler: [mDrawer, list, navList]
16:50:23.949 [Worker-23] DEBUG o.a.p.ModelValidator:62 - Validating with ClickHandler: [public void frag_btn_1() , void bClose_btn() , public void frag_btn_2() , void rClose_btn() ]
16:50:23.955 [Worker-23] DEBUG o.a.p.ModelValidator:62 - Validating with ItemClickHandler: [void mDrawerListItemClicked(int) ]
16:50:23.959 [Worker-23] DEBUG o.a.p.ModelValidator:62 - Validating with BeanHandler: [bus, bus, bus]
16:50:23.964 [Worker-23] DEBUG o.a.p.ModelValidator:62 - Validating with SubscribeHandler: [public void onLocationChanged(com.iepl.pathapp.event.LocationChangeEvent) ]
16:50:23.968 [Worker-23] INFO  o.a.p.ModelProcessor:73 - Processing root elements
16:50:23.972 [Worker-23] DEBUG o.a.p.ModelProcessor:80 - Processing root elements EActivityHandler: [com.iepl.pathapp.SlideUpActivity, com.iepl.pathapp.ActivityChooserActivity, com.iepl.pathapp.MapActivity, com.iepl.pathapp.DualFragmentActivity, com.iepl.pathapp.DrawerActivity, com.iepl.pathapp.SplashActivity]
16:50:23.981 [Worker-23] DEBUG o.a.p.ModelProcessor:80 - Processing root elements EFragmentHandler: [com.iepl.pathapp.fragment.SlideHeaderFragment]
16:50:23.987 [Worker-23] DEBUG o.a.p.ModelProcessor:80 - Processing root elements EBeanHandler: [com.iepl.pathapp.event.BusProvider]
16:50:23.993 [Worker-23] INFO  o.a.p.ModelProcessor:104 - Processing enclosed elements
16:50:24.0 [Worker-23] INFO  o.a.AndroidAnnotationProcessor:251 - Number of files generated by AndroidAnnotations: 8
16:50:24.5 [Worker-23] INFO  o.a.g.ApiCodeGenerator:52 - Writting following API classes in project: []
16:50:24.10 [Worker-23] DEBUG o.a.g.SourceCodewriter:55 - Generating class: com.iepl.pathapp.ActivityChooserActivity_
16:50:24.20 [Worker-23] DEBUG o.a.g.SourceCodewriter:55 - Generating class: com.iepl.pathapp.DrawerActivity_
16:50:24.29 [Worker-23] DEBUG o.a.g.SourceCodewriter:55 - Generating class: com.iepl.pathapp.DualFragmentActivity_
16:50:24.38 [Worker-23] DEBUG o.a.g.SourceCodewriter:55 - Generating class: com.iepl.pathapp.MapActivity_
16:50:24.47 [Worker-23] DEBUG o.a.g.SourceCodewriter:55 - Generating class: com.iepl.pathapp.SlideUpActivity_
16:50:24.56 [Worker-23] DEBUG o.a.g.SourceCodewriter:55 - Generating class: com.iepl.pathapp.SplashActivity_
16:50:24.67 [Worker-23] DEBUG o.a.g.SourceCodewriter:55 - Generating class: com.iepl.pathapp.fragment.SlideHeaderFragment_
16:50:24.77 [Worker-23] DEBUG o.a.g.SourceCodewriter:55 - Generating class: com.iepl.pathapp.event.BusProvider_
16:50:24.85 [Worker-23] INFO  o.a.p.TimeStats:81 - Time measurements: [Whole Processing = 208 ms], [Generate Sources = 85 ms], [Validate Annotations = 44 ms], [Process Annotations = 32 ms], [Extract Annotations = 16 ms], [Find R Classes = 15 ms], [Extract Manifest = 7 ms], 
16:50:24.90 [Worker-23] INFO  o.a.AndroidAnnotationProcessor:123 - Finish processing
